<?xml version="1.0" encoding="UTF-8"?>
<!-- Generated by org.testng.reporters.JUnitReportReporter -->
<testsuite hostname="MyMeow" failures="0" tests="1" name="test.KiteZerodhaSignUpPageTest" time="9.743" errors="0" timestamp="2022-06-28T17:54:59 IST" skipped="0">
  <testcase classname="test.KiteZerodhaSignUpPageTest" name="SignUp" time="9.743"/>
  <system-out/>
</testsuite> <!-- test.KiteZerodhaSignUpPageTest -->
