<?xml version="1.0" encoding="UTF-8"?>
<!-- Generated by org.testng.reporters.JUnitReportReporter -->
<testsuite hostname="MyMeow" failures="0" tests="2" name="pom.openInMozilla" time="15.344" errors="0" timestamp="2022-06-24T23:52:39 IST" skipped="0">
  <testcase classname="pom.openInMozilla" name="openFireFoxbrowser" time="5.989"/>
  <system-out/>
  <testcase classname="pom.openInMozilla" name="SignUpInMozilla" time="9.355"/>
  <system-out/>
</testsuite> <!-- pom.openInMozilla -->
