<?xml version="1.0" encoding="UTF-8"?>
<!-- Generated by org.testng.reporters.JUnitReportReporter -->
<testsuite hostname="MyMeow" failures="0" tests="2" name="test.openInEdge" time="24.941" errors="0" timestamp="2022-06-25T19:32:09 IST" skipped="0">
  <testcase classname="test.openInEdge" name="openEdgebrowser" time="15.264"/>
  <system-out/>
  <testcase classname="test.openInEdge" name="SignUpInEdge" time="9.677"/>
  <system-out/>
</testsuite> <!-- test.openInEdge -->
