<?xml version="1.0" encoding="UTF-8"?>
<!-- Generated by org.testng.reporters.JUnitReportReporter -->
<testsuite hostname="MyMeow" failures="0" tests="2" name="pom.openInEdge" time="14.824" errors="0" timestamp="2022-06-24T21:52:23 IST" skipped="0">
  <testcase classname="pom.openInEdge" name="openEdgebrowser" time="5.517"/>
  <system-out/>
  <testcase classname="pom.openInEdge" name="SignUpInEdge" time="9.307"/>
  <system-out/>
</testsuite> <!-- pom.openInEdge -->
